2025-09-01 17:54:57:5457 [32minfo[39m: [32mAplicação está rodando na porta: 3000[39m
2025-09-01 17:54:59:5459 [32minfo[39m: [32mAplicação está rodando na porta: 3000[39m
2025-09-01 17:55:00:550 [32minfo[39m: [32mAplicação está rodando na porta: 3000[39m
2025-09-01 17:55:08:558 [32minfo[39m: [32mAplicação está rodando na porta: 3000[39m
2025-09-01 17:56:17:5617 [35mhttp[39m: [35mGET /api/teste 200 16 - 3.618 ms[39m
[35m[39m
2025-09-01 23:52:57:5257 [32minfo[39m: [32mAplicação está rodando na porta: 3000[39m
2025-09-01 23:53:08:538 [35mhttp[39m: [35mGET /api//movie 404 149 - 3.051 ms[39m
[35m[39m
2025-09-01 23:53:25:5325 [35mhttp[39m: [35mPOST /api//movie 404 150 - 1.206 ms[39m
[35m[39m
2025-09-01 23:53:38:5338 [35mhttp[39m: [35mPOST /api/movie 200 42 - 2.789 ms[39m
[35m[39m
2025-09-02 02:13:01:131 [32minfo[39m: [32mAplicação está rodando na porta: 3000[39m
2025-09-02 02:13:44:1344 [31merror[39m: [31merro no sistema: Operation `movies.insertOne()` buffering timed out after 10000ms[39m
2025-09-02 02:14:24:1424 [35mhttp[39m: [35mPOST /api/movie - - - - ms[39m
[35m[39m
2025-09-02 02:14:27:1427 [35mhttp[39m: [35mPOST /api/movie - - - - ms[39m
[35m[39m
2025-09-02 02:14:35:1435 [31merror[39m: [31merro no sistema: Operation `movies.insertOne()` buffering timed out after 10000ms[39m
2025-09-02 02:15:57:1557 [32minfo[39m: [32mAplicação está rodando na porta: 3000[39m
2025-09-03 11:52:04:524 [32minfo[39m: [32mAplicação está rodando na porta: 3000[39m
2025-09-03 11:52:45:5245 [31merror[39m: [31merro no sistema: Operation `movies.insertOne()` buffering timed out after 10000ms[39m
2025-09-03 11:53:00:530 [35mhttp[39m: [35mPOST /api/movie - - - - ms[39m
[35m[39m
2025-09-03 11:53:01:531 [35mhttp[39m: [35mPOST /api/movies 404 150 - 1.445 ms[39m
[35m[39m
2025-09-03 11:53:23:5323 [31merror[39m: [31merro no sistema: Operation `movies.insertOne()` buffering timed out after 10000ms[39m
2025-09-03 13:06:14:614 [32minfo[39m: [32mAplicação está rodando na porta: 3000[39m
2025-09-03 13:06:48:648 [31merror[39m: [31merro no sistema: Operation `movies.insertOne()` buffering timed out after 10000ms[39m
2025-09-03 13:19:18:1918 [32minfo[39m: [32mConectado ao MongoDB[39m
2025-09-03 13:19:18:1918 [32minfo[39m: [32mAplição rodando na porta 3000[39m
2025-09-03 13:20:58:2058 [35mhttp[39m: [35mPOST /api/movie 201 151 - 118.328 ms[39m
[35m[39m
2025-09-05 02:08:36:836 [32minfo[39m: [32mConectado ao MongoDB[39m
2025-09-05 02:08:36:836 [32minfo[39m: [32mAplição rodando na porta 3000[39m
2025-09-05 02:08:48:848 [35mhttp[39m: [35mPOST /api/movie 201 506 - 213.530 ms[39m
[35m[39m
2025-09-05 02:23:56:2356 [32minfo[39m: [32mConectado ao MongoDB[39m
2025-09-05 02:23:56:2356 [32minfo[39m: [32mAplição rodando na porta 3000[39m
2025-09-05 02:24:40:2440 [32minfo[39m: [32mConectado ao MongoDB[39m
2025-09-05 02:24:40:2440 [32minfo[39m: [32mAplição rodando na porta 3000[39m
2025-09-05 02:24:49:2449 [32minfo[39m: [32mConectado ao MongoDB[39m
2025-09-05 02:24:49:2449 [32minfo[39m: [32mAplição rodando na porta 3000[39m
2025-09-05 02:24:51:2451 [32minfo[39m: [32mConectado ao MongoDB[39m
2025-09-05 02:24:51:2451 [32minfo[39m: [32mAplição rodando na porta 3000[39m
2025-09-05 02:25:07:257 [32minfo[39m: [32mConectado ao MongoDB[39m
2025-09-05 02:25:07:257 [32minfo[39m: [32mAplição rodando na porta 3000[39m
2025-09-05 02:25:12:2512 [32minfo[39m: [32mConectado ao MongoDB[39m
2025-09-05 02:25:12:2512 [32minfo[39m: [32mAplição rodando na porta 3000[39m
2025-09-05 02:26:02:262 [32minfo[39m: [32mConectado ao MongoDB[39m
2025-09-05 02:26:02:262 [32minfo[39m: [32mAplição rodando na porta 3000[39m
2025-09-05 02:26:23:2623 [32minfo[39m: [32mConectado ao MongoDB[39m
2025-09-05 02:26:23:2623 [32minfo[39m: [32mAplição rodando na porta 3000[39m
2025-09-05 02:26:47:2647 [32minfo[39m: [32mConectado ao MongoDB[39m
2025-09-05 02:26:47:2647 [32minfo[39m: [32mAplição rodando na porta 3000[39m
2025-09-05 02:26:57:2657 [32minfo[39m: [32mConectado ao MongoDB[39m
2025-09-05 02:26:57:2657 [32minfo[39m: [32mAplição rodando na porta 3000[39m
2025-09-05 02:27:00:270 [32minfo[39m: [32mConectado ao MongoDB[39m
2025-09-05 02:27:00:270 [32minfo[39m: [32mAplição rodando na porta 3000[39m
2025-09-05 02:27:04:274 [32minfo[39m: [32mConectado ao MongoDB[39m
2025-09-05 02:27:04:274 [32minfo[39m: [32mAplição rodando na porta 3000[39m
2025-09-05 02:27:06:276 [32minfo[39m: [32mConectado ao MongoDB[39m
2025-09-05 02:27:06:276 [32minfo[39m: [32mAplição rodando na porta 3000[39m
2025-09-05 02:27:19:2719 [32minfo[39m: [32mConectado ao MongoDB[39m
2025-09-05 02:27:19:2719 [32minfo[39m: [32mAplição rodando na porta 3000[39m
2025-09-05 02:27:24:2724 [32minfo[39m: [32mConectado ao MongoDB[39m
2025-09-05 02:27:24:2724 [32minfo[39m: [32mAplição rodando na porta 3000[39m
2025-09-05 02:27:30:2730 [32minfo[39m: [32mConectado ao MongoDB[39m
2025-09-05 02:27:30:2730 [32minfo[39m: [32mAplição rodando na porta 3000[39m
2025-09-05 02:28:21:2821 [32minfo[39m: [32mConectado ao MongoDB[39m
2025-09-05 02:28:21:2821 [32minfo[39m: [32mAplição rodando na porta 3000[39m
2025-09-05 02:28:31:2831 [32minfo[39m: [32mConectado ao MongoDB[39m
2025-09-05 02:28:31:2831 [32minfo[39m: [32mAplição rodando na porta 3000[39m
2025-09-05 02:28:37:2837 [32minfo[39m: [32mConectado ao MongoDB[39m
2025-09-05 02:28:37:2837 [32minfo[39m: [32mAplição rodando na porta 3000[39m
2025-09-05 02:28:45:2845 [32minfo[39m: [32mConectado ao MongoDB[39m
2025-09-05 02:28:45:2845 [32minfo[39m: [32mAplição rodando na porta 3000[39m
2025-09-05 02:28:47:2847 [32minfo[39m: [32mConectado ao MongoDB[39m
2025-09-05 02:28:47:2847 [32minfo[39m: [32mAplição rodando na porta 3000[39m
2025-09-05 02:28:50:2850 [32minfo[39m: [32mConectado ao MongoDB[39m
2025-09-05 02:28:50:2850 [32minfo[39m: [32mAplição rodando na porta 3000[39m
